mode: set
github.com/citiaps/visor-mapas-backend/models/layer.go:52.48,64.16 5 0
github.com/citiaps/visor-mapas-backend/models/layer.go:68.2,68.15 1 0
github.com/citiaps/visor-mapas-backend/models/layer.go:64.16,66.3 1 0
github.com/citiaps/visor-mapas-backend/auth/jwt.go:28.23,32.2 2 0
github.com/citiaps/visor-mapas-backend/auth/jwt.go:34.42,62.16 6 1
github.com/citiaps/visor-mapas-backend/auth/jwt.go:67.2,67.23 1 1
github.com/citiaps/visor-mapas-backend/auth/jwt.go:62.16,65.3 1 0
github.com/citiaps/visor-mapas-backend/auth/jwt.go:70.53,78.99 2 0
github.com/citiaps/visor-mapas-backend/auth/jwt.go:82.2,82.16 1 0
github.com/citiaps/visor-mapas-backend/auth/jwt.go:86.2,86.16 1 0
github.com/citiaps/visor-mapas-backend/auth/jwt.go:93.2,93.18 1 0
github.com/citiaps/visor-mapas-backend/auth/jwt.go:78.99,80.3 1 0
github.com/citiaps/visor-mapas-backend/auth/jwt.go:82.16,84.3 1 0
github.com/citiaps/visor-mapas-backend/auth/jwt.go:86.16,87.37 1 0
github.com/citiaps/visor-mapas-backend/auth/jwt.go:90.3,90.39 1 0
github.com/citiaps/visor-mapas-backend/auth/jwt.go:87.37,89.4 1 0
github.com/citiaps/visor-mapas-backend/auth/jwt.go:96.51,98.17 2 0
github.com/citiaps/visor-mapas-backend/auth/jwt.go:105.2,105.69 1 0
github.com/citiaps/visor-mapas-backend/auth/jwt.go:110.2,115.16 5 0
github.com/citiaps/visor-mapas-backend/auth/jwt.go:119.2,119.26 1 0
github.com/citiaps/visor-mapas-backend/auth/jwt.go:98.17,100.3 1 0
github.com/citiaps/visor-mapas-backend/auth/jwt.go:105.69,107.3 1 0
github.com/citiaps/visor-mapas-backend/auth/jwt.go:115.16,117.3 1 0
github.com/citiaps/visor-mapas-backend/auth/jwt.go:122.48,124.17 2 0
github.com/citiaps/visor-mapas-backend/auth/jwt.go:131.2,131.69 1 0
github.com/citiaps/visor-mapas-backend/auth/jwt.go:136.2,141.16 5 0
github.com/citiaps/visor-mapas-backend/auth/jwt.go:145.2,145.23 1 0
github.com/citiaps/visor-mapas-backend/auth/jwt.go:124.17,126.3 1 0
github.com/citiaps/visor-mapas-backend/auth/jwt.go:131.69,133.3 1 0
github.com/citiaps/visor-mapas-backend/auth/jwt.go:141.16,143.3 1 0
github.com/citiaps/visor-mapas-backend/routes/group.go:23.39,24.30 1 1
github.com/citiaps/visor-mapas-backend/routes/group.go:24.30,40.17 6 1
github.com/citiaps/visor-mapas-backend/routes/group.go:46.3,54.35 5 1
github.com/citiaps/visor-mapas-backend/routes/group.go:40.17,43.4 2 0
github.com/citiaps/visor-mapas-backend/routes/group.go:59.37,60.30 1 1
github.com/citiaps/visor-mapas-backend/routes/group.go:60.30,67.17 3 1
github.com/citiaps/visor-mapas-backend/routes/group.go:73.3,80.17 4 0
github.com/citiaps/visor-mapas-backend/routes/group.go:86.3,86.32 1 0
github.com/citiaps/visor-mapas-backend/routes/group.go:67.17,70.4 2 1
github.com/citiaps/visor-mapas-backend/routes/group.go:80.17,83.4 2 0
github.com/citiaps/visor-mapas-backend/routes/group.go:91.52,92.30 1 1
github.com/citiaps/visor-mapas-backend/routes/group.go:92.30,100.17 4 1
github.com/citiaps/visor-mapas-backend/routes/group.go:112.3,119.17 4 1
github.com/citiaps/visor-mapas-backend/routes/group.go:125.3,125.32 1 1
github.com/citiaps/visor-mapas-backend/routes/group.go:137.3,137.35 1 1
github.com/citiaps/visor-mapas-backend/routes/group.go:143.3,147.17 2 1
github.com/citiaps/visor-mapas-backend/routes/group.go:154.3,154.33 1 1
github.com/citiaps/visor-mapas-backend/routes/group.go:100.17,103.18 2 1
github.com/citiaps/visor-mapas-backend/routes/group.go:103.18,106.5 2 0
github.com/citiaps/visor-mapas-backend/routes/group.go:107.9,109.4 1 1
github.com/citiaps/visor-mapas-backend/routes/group.go:119.17,122.4 2 0
github.com/citiaps/visor-mapas-backend/routes/group.go:125.32,130.18 3 1
github.com/citiaps/visor-mapas-backend/routes/group.go:134.4,134.36 1 1
github.com/citiaps/visor-mapas-backend/routes/group.go:130.18,133.5 2 0
github.com/citiaps/visor-mapas-backend/routes/group.go:137.35,140.4 2 0
github.com/citiaps/visor-mapas-backend/routes/group.go:147.17,151.4 3 1
github.com/citiaps/visor-mapas-backend/routes/group.go:159.44,160.30 1 1
github.com/citiaps/visor-mapas-backend/routes/group.go:160.30,176.17 6 1
github.com/citiaps/visor-mapas-backend/routes/group.go:182.3,182.32 1 1
github.com/citiaps/visor-mapas-backend/routes/group.go:194.3,194.35 1 1
github.com/citiaps/visor-mapas-backend/routes/group.go:200.3,203.33 2 1
github.com/citiaps/visor-mapas-backend/routes/group.go:176.17,179.4 2 0
github.com/citiaps/visor-mapas-backend/routes/group.go:182.32,187.18 3 1
github.com/citiaps/visor-mapas-backend/routes/group.go:191.4,191.36 1 1
github.com/citiaps/visor-mapas-backend/routes/group.go:187.18,190.5 2 0
github.com/citiaps/visor-mapas-backend/routes/group.go:194.35,197.4 2 0
github.com/citiaps/visor-mapas-backend/routes/group.go:208.39,209.30 1 1
github.com/citiaps/visor-mapas-backend/routes/group.go:209.30,216.17 3 1
github.com/citiaps/visor-mapas-backend/routes/group.go:222.3,226.17 3 0
github.com/citiaps/visor-mapas-backend/routes/group.go:232.3,238.5 3 0
github.com/citiaps/visor-mapas-backend/routes/group.go:216.17,219.4 2 1
github.com/citiaps/visor-mapas-backend/routes/group.go:226.17,229.4 2 0
github.com/citiaps/visor-mapas-backend/routes/group.go:243.39,244.30 1 1
github.com/citiaps/visor-mapas-backend/routes/group.go:244.30,258.17 5 1
github.com/citiaps/visor-mapas-backend/routes/group.go:264.3,277.17 4 0
github.com/citiaps/visor-mapas-backend/routes/group.go:283.3,290.5 4 0
github.com/citiaps/visor-mapas-backend/routes/group.go:258.17,261.4 2 1
github.com/citiaps/visor-mapas-backend/routes/group.go:277.17,280.4 2 0
github.com/citiaps/visor-mapas-backend/routes/group.go:294.56,295.30 1 1
github.com/citiaps/visor-mapas-backend/routes/group.go:295.30,303.17 4 0
github.com/citiaps/visor-mapas-backend/routes/group.go:315.3,316.17 2 0
github.com/citiaps/visor-mapas-backend/routes/group.go:322.3,329.17 4 0
github.com/citiaps/visor-mapas-backend/routes/group.go:335.3,335.32 1 0
github.com/citiaps/visor-mapas-backend/routes/group.go:348.3,348.35 1 0
github.com/citiaps/visor-mapas-backend/routes/group.go:354.3,358.17 2 0
github.com/citiaps/visor-mapas-backend/routes/group.go:365.3,365.33 1 0
github.com/citiaps/visor-mapas-backend/routes/group.go:303.17,306.18 2 0
github.com/citiaps/visor-mapas-backend/routes/group.go:306.18,309.5 2 0
github.com/citiaps/visor-mapas-backend/routes/group.go:310.9,312.4 1 0
github.com/citiaps/visor-mapas-backend/routes/group.go:316.17,319.4 2 0
github.com/citiaps/visor-mapas-backend/routes/group.go:329.17,332.4 2 0
github.com/citiaps/visor-mapas-backend/routes/group.go:335.32,340.18 3 0
github.com/citiaps/visor-mapas-backend/routes/group.go:344.4,345.36 2 0
github.com/citiaps/visor-mapas-backend/routes/group.go:340.18,343.5 2 0
github.com/citiaps/visor-mapas-backend/routes/group.go:348.35,351.4 2 0
github.com/citiaps/visor-mapas-backend/routes/group.go:358.17,362.4 3 0
github.com/citiaps/visor-mapas-backend/routes/group.go:370.35,371.30 1 1
github.com/citiaps/visor-mapas-backend/routes/group.go:371.30,381.17 4 0
github.com/citiaps/visor-mapas-backend/routes/group.go:387.3,387.31 1 0
github.com/citiaps/visor-mapas-backend/routes/group.go:381.17,384.4 2 0
github.com/citiaps/visor-mapas-backend/routes/map.go:23.37,24.30 1 1
github.com/citiaps/visor-mapas-backend/routes/map.go:24.30,40.17 6 1
github.com/citiaps/visor-mapas-backend/routes/map.go:46.3,53.35 5 1
github.com/citiaps/visor-mapas-backend/routes/map.go:40.17,43.4 2 0
github.com/citiaps/visor-mapas-backend/routes/map.go:58.35,59.30 1 1
github.com/citiaps/visor-mapas-backend/routes/map.go:59.30,66.17 3 1
github.com/citiaps/visor-mapas-backend/routes/map.go:72.3,79.17 4 0
github.com/citiaps/visor-mapas-backend/routes/map.go:85.3,85.32 1 0
github.com/citiaps/visor-mapas-backend/routes/map.go:66.17,69.4 2 1
github.com/citiaps/visor-mapas-backend/routes/map.go:79.17,82.4 2 0
github.com/citiaps/visor-mapas-backend/routes/map.go:90.50,91.30 1 1
github.com/citiaps/visor-mapas-backend/routes/map.go:91.30,99.17 4 1
github.com/citiaps/visor-mapas-backend/routes/map.go:111.3,118.17 4 1
github.com/citiaps/visor-mapas-backend/routes/map.go:124.3,124.32 1 1
github.com/citiaps/visor-mapas-backend/routes/map.go:136.3,136.35 1 1
github.com/citiaps/visor-mapas-backend/routes/map.go:142.3,146.17 2 1
github.com/citiaps/visor-mapas-backend/routes/map.go:153.3,153.33 1 1
github.com/citiaps/visor-mapas-backend/routes/map.go:99.17,102.18 2 1
github.com/citiaps/visor-mapas-backend/routes/map.go:102.18,105.5 2 0
github.com/citiaps/visor-mapas-backend/routes/map.go:106.9,108.4 1 1
github.com/citiaps/visor-mapas-backend/routes/map.go:118.17,121.4 2 0
github.com/citiaps/visor-mapas-backend/routes/map.go:124.32,129.18 3 1
github.com/citiaps/visor-mapas-backend/routes/map.go:133.4,133.36 1 1
github.com/citiaps/visor-mapas-backend/routes/map.go:129.18,132.5 2 0
github.com/citiaps/visor-mapas-backend/routes/map.go:136.35,139.4 2 0
github.com/citiaps/visor-mapas-backend/routes/map.go:146.17,150.4 3 1
github.com/citiaps/visor-mapas-backend/routes/map.go:158.42,159.30 1 1
github.com/citiaps/visor-mapas-backend/routes/map.go:159.30,175.17 6 1
github.com/citiaps/visor-mapas-backend/routes/map.go:181.3,181.32 1 1
github.com/citiaps/visor-mapas-backend/routes/map.go:193.3,193.35 1 1
github.com/citiaps/visor-mapas-backend/routes/map.go:199.3,202.33 2 1
github.com/citiaps/visor-mapas-backend/routes/map.go:175.17,178.4 2 0
github.com/citiaps/visor-mapas-backend/routes/map.go:181.32,186.18 3 1
github.com/citiaps/visor-mapas-backend/routes/map.go:190.4,190.36 1 1
github.com/citiaps/visor-mapas-backend/routes/map.go:186.18,189.5 2 0
github.com/citiaps/visor-mapas-backend/routes/map.go:193.35,196.4 2 0
github.com/citiaps/visor-mapas-backend/routes/map.go:207.37,208.30 1 1
github.com/citiaps/visor-mapas-backend/routes/map.go:208.30,215.17 3 1
github.com/citiaps/visor-mapas-backend/routes/map.go:221.3,225.17 3 0
github.com/citiaps/visor-mapas-backend/routes/map.go:231.3,239.5 4 0
github.com/citiaps/visor-mapas-backend/routes/map.go:215.17,218.4 2 1
github.com/citiaps/visor-mapas-backend/routes/map.go:225.17,228.4 2 0
github.com/citiaps/visor-mapas-backend/routes/map.go:244.37,245.30 1 1
github.com/citiaps/visor-mapas-backend/routes/map.go:245.30,259.17 5 1
github.com/citiaps/visor-mapas-backend/routes/map.go:265.3,279.17 4 0
github.com/citiaps/visor-mapas-backend/routes/map.go:285.3,292.5 4 0
github.com/citiaps/visor-mapas-backend/routes/map.go:259.17,262.4 2 1
github.com/citiaps/visor-mapas-backend/routes/map.go:279.17,282.4 2 0
github.com/citiaps/visor-mapas-backend/routes/map.go:296.40,297.30 1 0
github.com/citiaps/visor-mapas-backend/routes/map.go:297.30,304.17 3 0
github.com/citiaps/visor-mapas-backend/routes/map.go:310.3,311.17 2 0
github.com/citiaps/visor-mapas-backend/routes/map.go:317.3,324.17 4 0
github.com/citiaps/visor-mapas-backend/routes/map.go:330.3,330.32 1 0
github.com/citiaps/visor-mapas-backend/routes/map.go:342.3,342.35 1 0
github.com/citiaps/visor-mapas-backend/routes/map.go:348.3,357.33 5 0
github.com/citiaps/visor-mapas-backend/routes/map.go:304.17,307.4 2 0
github.com/citiaps/visor-mapas-backend/routes/map.go:311.17,314.4 2 0
github.com/citiaps/visor-mapas-backend/routes/map.go:324.17,327.4 2 0
github.com/citiaps/visor-mapas-backend/routes/map.go:330.32,335.18 3 0
github.com/citiaps/visor-mapas-backend/routes/map.go:339.4,339.36 1 0
github.com/citiaps/visor-mapas-backend/routes/map.go:335.18,338.5 2 0
github.com/citiaps/visor-mapas-backend/routes/map.go:342.35,345.4 2 0
github.com/citiaps/visor-mapas-backend/routes/map.go:362.33,363.30 1 1
github.com/citiaps/visor-mapas-backend/routes/map.go:363.30,373.17 4 0
github.com/citiaps/visor-mapas-backend/routes/map.go:379.3,379.31 1 0
github.com/citiaps/visor-mapas-backend/routes/map.go:373.17,376.4 2 0
github.com/citiaps/visor-mapas-backend/routes/map.go:384.42,385.30 1 1
github.com/citiaps/visor-mapas-backend/routes/map.go:385.30,395.17 4 0
github.com/citiaps/visor-mapas-backend/routes/map.go:401.3,427.17 3 0
github.com/citiaps/visor-mapas-backend/routes/map.go:433.3,433.32 1 0
github.com/citiaps/visor-mapas-backend/routes/map.go:445.3,445.35 1 0
github.com/citiaps/visor-mapas-backend/routes/map.go:451.3,454.33 2 0
github.com/citiaps/visor-mapas-backend/routes/map.go:395.17,398.4 2 0
github.com/citiaps/visor-mapas-backend/routes/map.go:427.17,430.4 2 0
github.com/citiaps/visor-mapas-backend/routes/map.go:433.32,438.18 3 0
github.com/citiaps/visor-mapas-backend/routes/map.go:442.4,442.36 1 0
github.com/citiaps/visor-mapas-backend/routes/map.go:438.18,441.5 2 0
github.com/citiaps/visor-mapas-backend/routes/map.go:445.35,448.4 2 0
github.com/citiaps/visor-mapas-backend/routes/map.go:458.43,459.30 1 1
github.com/citiaps/visor-mapas-backend/routes/map.go:459.30,469.17 4 0
github.com/citiaps/visor-mapas-backend/routes/map.go:475.3,500.17 3 0
github.com/citiaps/visor-mapas-backend/routes/map.go:506.3,506.32 1 0
github.com/citiaps/visor-mapas-backend/routes/map.go:518.3,518.35 1 0
github.com/citiaps/visor-mapas-backend/routes/map.go:524.3,527.33 2 0
github.com/citiaps/visor-mapas-backend/routes/map.go:469.17,472.4 2 0
github.com/citiaps/visor-mapas-backend/routes/map.go:500.17,503.4 2 0
github.com/citiaps/visor-mapas-backend/routes/map.go:506.32,511.18 3 0
github.com/citiaps/visor-mapas-backend/routes/map.go:515.4,515.36 1 0
github.com/citiaps/visor-mapas-backend/routes/map.go:511.18,514.5 2 0
github.com/citiaps/visor-mapas-backend/routes/map.go:518.35,521.4 2 0
github.com/citiaps/visor-mapas-backend/routes/map.go:531.51,532.30 1 1
github.com/citiaps/visor-mapas-backend/routes/map.go:532.30,542.17 4 0
github.com/citiaps/visor-mapas-backend/routes/map.go:548.3,572.17 3 0
github.com/citiaps/visor-mapas-backend/routes/map.go:578.3,578.32 1 0
github.com/citiaps/visor-mapas-backend/routes/map.go:590.3,590.35 1 0
github.com/citiaps/visor-mapas-backend/routes/map.go:596.3,599.33 2 0
github.com/citiaps/visor-mapas-backend/routes/map.go:542.17,545.4 2 0
github.com/citiaps/visor-mapas-backend/routes/map.go:572.17,575.4 2 0
github.com/citiaps/visor-mapas-backend/routes/map.go:578.32,583.18 3 0
github.com/citiaps/visor-mapas-backend/routes/map.go:587.4,587.36 1 0
github.com/citiaps/visor-mapas-backend/routes/map.go:583.18,586.5 2 0
github.com/citiaps/visor-mapas-backend/routes/map.go:590.35,593.4 2 0
github.com/citiaps/visor-mapas-backend/routes/map.go:603.60,604.30 1 1
github.com/citiaps/visor-mapas-backend/routes/map.go:604.30,614.17 4 0
github.com/citiaps/visor-mapas-backend/routes/map.go:620.3,658.17 3 0
github.com/citiaps/visor-mapas-backend/routes/map.go:664.3,664.32 1 0
github.com/citiaps/visor-mapas-backend/routes/map.go:676.3,676.35 1 0
github.com/citiaps/visor-mapas-backend/routes/map.go:682.3,685.23 2 0
github.com/citiaps/visor-mapas-backend/routes/map.go:614.17,617.4 2 0
github.com/citiaps/visor-mapas-backend/routes/map.go:658.17,661.4 2 0
github.com/citiaps/visor-mapas-backend/routes/map.go:664.32,669.18 3 0
github.com/citiaps/visor-mapas-backend/routes/map.go:673.4,673.36 1 0
github.com/citiaps/visor-mapas-backend/routes/map.go:669.18,672.5 2 0
github.com/citiaps/visor-mapas-backend/routes/map.go:676.35,679.4 2 0
github.com/citiaps/visor-mapas-backend/utils/config.go:84.34,87.16 2 1
github.com/citiaps/visor-mapas-backend/utils/config.go:90.2,91.16 2 1
github.com/citiaps/visor-mapas-backend/utils/config.go:94.2,94.54 1 1
github.com/citiaps/visor-mapas-backend/utils/config.go:87.16,89.3 1 0
github.com/citiaps/visor-mapas-backend/utils/config.go:91.16,93.3 1 0
github.com/citiaps/visor-mapas-backend/utils/test.go:16.44,18.2 1 1
github.com/citiaps/visor-mapas-backend/utils/test.go:20.45,22.2 1 1
github.com/citiaps/visor-mapas-backend/utils/test.go:24.55,25.12 1 1
github.com/citiaps/visor-mapas-backend/utils/test.go:25.12,27.3 1 1
github.com/citiaps/visor-mapas-backend/utils/test.go:27.8,29.3 1 1
github.com/citiaps/visor-mapas-backend/utils/test.go:42.19,52.16 7 1
github.com/citiaps/visor-mapas-backend/utils/test.go:55.2,62.16 6 1
github.com/citiaps/visor-mapas-backend/utils/test.go:65.2,73.16 6 1
github.com/citiaps/visor-mapas-backend/utils/test.go:77.2,85.16 5 1
github.com/citiaps/visor-mapas-backend/utils/test.go:88.2,94.16 5 1
github.com/citiaps/visor-mapas-backend/utils/test.go:97.2,103.16 5 1
github.com/citiaps/visor-mapas-backend/utils/test.go:106.2,113.27 5 1
github.com/citiaps/visor-mapas-backend/utils/test.go:52.16,54.3 1 0
github.com/citiaps/visor-mapas-backend/utils/test.go:62.16,64.3 1 0
github.com/citiaps/visor-mapas-backend/utils/test.go:73.16,75.3 1 0
github.com/citiaps/visor-mapas-backend/utils/test.go:85.16,87.3 1 0
github.com/citiaps/visor-mapas-backend/utils/test.go:94.16,96.3 1 0
github.com/citiaps/visor-mapas-backend/utils/test.go:103.16,105.3 1 0
github.com/citiaps/visor-mapas-backend/utils/test.go:120.19,127.16 3 1
github.com/citiaps/visor-mapas-backend/utils/test.go:131.2,138.27 4 1
github.com/citiaps/visor-mapas-backend/utils/test.go:127.16,129.3 1 0
github.com/citiaps/visor-mapas-backend/utils/hash.go:7.52,10.2 2 1
github.com/citiaps/visor-mapas-backend/utils/hash.go:12.52,15.2 2 1
github.com/citiaps/visor-mapas-backend/db/db.go:17.14,29.16 3 1
github.com/citiaps/visor-mapas-backend/db/db.go:34.2,35.16 2 1
github.com/citiaps/visor-mapas-backend/db/db.go:39.2,40.58 2 1
github.com/citiaps/visor-mapas-backend/db/db.go:29.16,31.13 2 0
github.com/citiaps/visor-mapas-backend/db/db.go:35.16,37.13 2 0
github.com/citiaps/visor-mapas-backend/routes/category.go:23.42,24.30 1 1
github.com/citiaps/visor-mapas-backend/routes/category.go:24.30,40.17 6 1
github.com/citiaps/visor-mapas-backend/routes/category.go:46.3,53.35 5 1
github.com/citiaps/visor-mapas-backend/routes/category.go:40.17,43.4 2 0
github.com/citiaps/visor-mapas-backend/routes/category.go:58.40,59.30 1 1
github.com/citiaps/visor-mapas-backend/routes/category.go:59.30,66.17 3 1
github.com/citiaps/visor-mapas-backend/routes/category.go:72.3,79.17 4 0
github.com/citiaps/visor-mapas-backend/routes/category.go:85.3,85.32 1 0
github.com/citiaps/visor-mapas-backend/routes/category.go:66.17,69.4 2 1
github.com/citiaps/visor-mapas-backend/routes/category.go:79.17,82.4 2 0
github.com/citiaps/visor-mapas-backend/routes/category.go:90.55,91.30 1 1
github.com/citiaps/visor-mapas-backend/routes/category.go:91.30,99.17 4 1
github.com/citiaps/visor-mapas-backend/routes/category.go:111.3,118.17 4 1
github.com/citiaps/visor-mapas-backend/routes/category.go:124.3,124.32 1 1
github.com/citiaps/visor-mapas-backend/routes/category.go:136.3,136.35 1 1
github.com/citiaps/visor-mapas-backend/routes/category.go:142.3,146.17 2 1
github.com/citiaps/visor-mapas-backend/routes/category.go:153.3,153.33 1 1
github.com/citiaps/visor-mapas-backend/routes/category.go:99.17,102.18 2 1
github.com/citiaps/visor-mapas-backend/routes/category.go:102.18,105.5 2 0
github.com/citiaps/visor-mapas-backend/routes/category.go:106.9,108.4 1 1
github.com/citiaps/visor-mapas-backend/routes/category.go:118.17,121.4 2 0
github.com/citiaps/visor-mapas-backend/routes/category.go:124.32,129.18 3 1
github.com/citiaps/visor-mapas-backend/routes/category.go:133.4,133.36 1 1
github.com/citiaps/visor-mapas-backend/routes/category.go:129.18,132.5 2 0
github.com/citiaps/visor-mapas-backend/routes/category.go:136.35,139.4 2 0
github.com/citiaps/visor-mapas-backend/routes/category.go:146.17,150.4 3 1
github.com/citiaps/visor-mapas-backend/routes/category.go:158.47,159.30 1 1
github.com/citiaps/visor-mapas-backend/routes/category.go:159.30,175.17 6 1
github.com/citiaps/visor-mapas-backend/routes/category.go:181.3,181.32 1 1
github.com/citiaps/visor-mapas-backend/routes/category.go:193.3,193.35 1 1
github.com/citiaps/visor-mapas-backend/routes/category.go:199.3,202.33 2 1
github.com/citiaps/visor-mapas-backend/routes/category.go:175.17,178.4 2 0
github.com/citiaps/visor-mapas-backend/routes/category.go:181.32,186.18 3 1
github.com/citiaps/visor-mapas-backend/routes/category.go:190.4,190.36 1 1
github.com/citiaps/visor-mapas-backend/routes/category.go:186.18,189.5 2 0
github.com/citiaps/visor-mapas-backend/routes/category.go:193.35,196.4 2 0
github.com/citiaps/visor-mapas-backend/routes/category.go:207.42,208.30 1 1
github.com/citiaps/visor-mapas-backend/routes/category.go:208.30,215.17 3 1
github.com/citiaps/visor-mapas-backend/routes/category.go:221.3,225.17 3 0
github.com/citiaps/visor-mapas-backend/routes/category.go:231.3,236.5 3 0
github.com/citiaps/visor-mapas-backend/routes/category.go:215.17,218.4 2 1
github.com/citiaps/visor-mapas-backend/routes/category.go:225.17,228.4 2 0
github.com/citiaps/visor-mapas-backend/routes/category.go:241.42,242.30 1 1
github.com/citiaps/visor-mapas-backend/routes/category.go:242.30,256.17 5 1
github.com/citiaps/visor-mapas-backend/routes/category.go:262.3,275.17 4 0
github.com/citiaps/visor-mapas-backend/routes/category.go:281.3,288.5 4 0
github.com/citiaps/visor-mapas-backend/routes/category.go:256.17,259.4 2 1
github.com/citiaps/visor-mapas-backend/routes/category.go:275.17,278.4 2 0
github.com/citiaps/visor-mapas-backend/routes/category.go:292.45,293.30 1 1
github.com/citiaps/visor-mapas-backend/routes/category.go:293.30,300.17 3 0
github.com/citiaps/visor-mapas-backend/routes/category.go:306.3,307.17 2 0
github.com/citiaps/visor-mapas-backend/routes/category.go:313.3,320.17 4 0
github.com/citiaps/visor-mapas-backend/routes/category.go:326.3,326.32 1 0
github.com/citiaps/visor-mapas-backend/routes/category.go:338.3,338.35 1 0
github.com/citiaps/visor-mapas-backend/routes/category.go:344.3,353.33 5 0
github.com/citiaps/visor-mapas-backend/routes/category.go:300.17,303.4 2 0
github.com/citiaps/visor-mapas-backend/routes/category.go:307.17,310.4 2 0
github.com/citiaps/visor-mapas-backend/routes/category.go:320.17,323.4 2 0
github.com/citiaps/visor-mapas-backend/routes/category.go:326.32,331.18 3 0
github.com/citiaps/visor-mapas-backend/routes/category.go:335.4,335.36 1 0
github.com/citiaps/visor-mapas-backend/routes/category.go:331.18,334.5 2 0
github.com/citiaps/visor-mapas-backend/routes/category.go:338.35,341.4 2 0
github.com/citiaps/visor-mapas-backend/routes/category.go:358.38,359.30 1 1
github.com/citiaps/visor-mapas-backend/routes/category.go:359.30,369.17 4 0
github.com/citiaps/visor-mapas-backend/routes/category.go:375.3,375.31 1 0
github.com/citiaps/visor-mapas-backend/routes/category.go:369.17,372.4 2 0
github.com/citiaps/visor-mapas-backend/routes/visor.go:18.50,19.30 1 1
github.com/citiaps/visor-mapas-backend/routes/visor.go:19.30,27.10 4 0
github.com/citiaps/visor-mapas-backend/routes/visor.go:33.3,34.17 2 0
github.com/citiaps/visor-mapas-backend/routes/visor.go:40.3,64.17 3 0
github.com/citiaps/visor-mapas-backend/routes/visor.go:70.3,70.32 1 0
github.com/citiaps/visor-mapas-backend/routes/visor.go:82.3,82.35 1 0
github.com/citiaps/visor-mapas-backend/routes/visor.go:88.3,91.33 2 0
github.com/citiaps/visor-mapas-backend/routes/visor.go:27.10,30.4 2 0
github.com/citiaps/visor-mapas-backend/routes/visor.go:34.17,37.4 2 0
github.com/citiaps/visor-mapas-backend/routes/visor.go:64.17,67.4 2 0
github.com/citiaps/visor-mapas-backend/routes/visor.go:70.32,75.18 3 0
github.com/citiaps/visor-mapas-backend/routes/visor.go:79.4,79.36 1 0
github.com/citiaps/visor-mapas-backend/routes/visor.go:75.18,78.5 2 0
github.com/citiaps/visor-mapas-backend/routes/visor.go:82.35,85.4 2 0
github.com/citiaps/visor-mapas-backend/routes/visor.go:95.76,96.30 1 1
github.com/citiaps/visor-mapas-backend/routes/visor.go:96.30,100.10 2 0
github.com/citiaps/visor-mapas-backend/routes/visor.go:106.3,107.17 2 0
github.com/citiaps/visor-mapas-backend/routes/visor.go:113.3,114.17 2 0
github.com/citiaps/visor-mapas-backend/routes/visor.go:119.3,127.17 5 0
github.com/citiaps/visor-mapas-backend/routes/visor.go:133.3,177.17 5 0
github.com/citiaps/visor-mapas-backend/routes/visor.go:183.3,183.32 1 0
github.com/citiaps/visor-mapas-backend/routes/visor.go:195.3,195.35 1 0
github.com/citiaps/visor-mapas-backend/routes/visor.go:201.3,204.23 2 0
github.com/citiaps/visor-mapas-backend/routes/visor.go:100.10,103.4 2 0
github.com/citiaps/visor-mapas-backend/routes/visor.go:107.17,110.4 2 0
github.com/citiaps/visor-mapas-backend/routes/visor.go:114.17,117.4 2 0
github.com/citiaps/visor-mapas-backend/routes/visor.go:127.17,130.4 2 0
github.com/citiaps/visor-mapas-backend/routes/visor.go:177.17,180.4 2 0
github.com/citiaps/visor-mapas-backend/routes/visor.go:183.32,188.18 3 0
github.com/citiaps/visor-mapas-backend/routes/visor.go:192.4,192.36 1 0
github.com/citiaps/visor-mapas-backend/routes/visor.go:188.18,191.5 2 0
github.com/citiaps/visor-mapas-backend/routes/visor.go:195.35,198.4 2 0
github.com/citiaps/visor-mapas-backend/routes/visor.go:208.68,209.30 1 1
github.com/citiaps/visor-mapas-backend/routes/visor.go:209.30,213.10 2 0
github.com/citiaps/visor-mapas-backend/routes/visor.go:219.3,220.17 2 0
github.com/citiaps/visor-mapas-backend/routes/visor.go:226.3,227.17 2 0
github.com/citiaps/visor-mapas-backend/routes/visor.go:232.3,240.17 5 0
github.com/citiaps/visor-mapas-backend/routes/visor.go:246.3,276.17 5 0
github.com/citiaps/visor-mapas-backend/routes/visor.go:282.3,282.32 1 0
github.com/citiaps/visor-mapas-backend/routes/visor.go:294.3,294.35 1 0
github.com/citiaps/visor-mapas-backend/routes/visor.go:300.3,303.33 2 0
github.com/citiaps/visor-mapas-backend/routes/visor.go:213.10,216.4 2 0
github.com/citiaps/visor-mapas-backend/routes/visor.go:220.17,223.4 2 0
github.com/citiaps/visor-mapas-backend/routes/visor.go:227.17,230.4 2 0
github.com/citiaps/visor-mapas-backend/routes/visor.go:240.17,243.4 2 0
github.com/citiaps/visor-mapas-backend/routes/visor.go:276.17,279.4 2 0
github.com/citiaps/visor-mapas-backend/routes/visor.go:282.32,287.18 3 0
github.com/citiaps/visor-mapas-backend/routes/visor.go:291.4,291.36 1 0
github.com/citiaps/visor-mapas-backend/routes/visor.go:287.18,290.5 2 0
github.com/citiaps/visor-mapas-backend/routes/visor.go:294.35,297.4 2 0
github.com/citiaps/visor-mapas-backend/utils/error.go:5.21,6.14 1 0
github.com/citiaps/visor-mapas-backend/utils/error.go:6.14,8.3 1 0
github.com/citiaps/visor-mapas-backend/utils/logger.go:12.19,20.52 5 1
github.com/citiaps/visor-mapas-backend/utils/logger.go:27.2,31.16 4 1
github.com/citiaps/visor-mapas-backend/utils/logger.go:35.2,39.37 4 1
github.com/citiaps/visor-mapas-backend/utils/logger.go:20.52,22.17 2 0
github.com/citiaps/visor-mapas-backend/utils/logger.go:22.17,23.14 1 0
github.com/citiaps/visor-mapas-backend/utils/logger.go:31.16,33.13 2 0
github.com/citiaps/visor-mapas-backend/routes/annotation.go:29.48,30.30 1 1
github.com/citiaps/visor-mapas-backend/routes/annotation.go:30.30,36.17 3 0
github.com/citiaps/visor-mapas-backend/routes/annotation.go:42.3,51.17 5 0
github.com/citiaps/visor-mapas-backend/routes/annotation.go:57.3,57.32 1 0
github.com/citiaps/visor-mapas-backend/routes/annotation.go:67.3,67.35 1 0
github.com/citiaps/visor-mapas-backend/routes/annotation.go:73.3,76.33 2 0
github.com/citiaps/visor-mapas-backend/routes/annotation.go:36.17,39.4 2 0
github.com/citiaps/visor-mapas-backend/routes/annotation.go:51.17,54.4 2 0
github.com/citiaps/visor-mapas-backend/routes/annotation.go:57.32,60.18 3 0
github.com/citiaps/visor-mapas-backend/routes/annotation.go:64.4,64.36 1 0
github.com/citiaps/visor-mapas-backend/routes/annotation.go:60.18,63.5 2 0
github.com/citiaps/visor-mapas-backend/routes/annotation.go:67.35,70.4 2 0
github.com/citiaps/visor-mapas-backend/routes/annotation.go:80.49,81.30 1 1
github.com/citiaps/visor-mapas-backend/routes/annotation.go:81.30,87.17 3 0
github.com/citiaps/visor-mapas-backend/routes/annotation.go:93.3,102.17 5 0
github.com/citiaps/visor-mapas-backend/routes/annotation.go:108.3,108.32 1 0
github.com/citiaps/visor-mapas-backend/routes/annotation.go:120.3,120.35 1 0
github.com/citiaps/visor-mapas-backend/routes/annotation.go:126.3,129.33 2 0
github.com/citiaps/visor-mapas-backend/routes/annotation.go:87.17,90.4 2 0
github.com/citiaps/visor-mapas-backend/routes/annotation.go:102.17,105.4 2 0
github.com/citiaps/visor-mapas-backend/routes/annotation.go:108.32,111.18 3 0
github.com/citiaps/visor-mapas-backend/routes/annotation.go:115.4,115.31 1 0
github.com/citiaps/visor-mapas-backend/routes/annotation.go:111.18,114.5 2 0
github.com/citiaps/visor-mapas-backend/routes/annotation.go:115.31,117.5 1 0
github.com/citiaps/visor-mapas-backend/routes/annotation.go:120.35,123.4 2 0
github.com/citiaps/visor-mapas-backend/routes/annotation.go:134.44,135.30 1 1
github.com/citiaps/visor-mapas-backend/routes/annotation.go:135.30,141.45 3 0
github.com/citiaps/visor-mapas-backend/routes/annotation.go:147.3,147.50 1 0
github.com/citiaps/visor-mapas-backend/routes/annotation.go:153.3,154.27 2 0
github.com/citiaps/visor-mapas-backend/routes/annotation.go:158.3,158.54 1 0
github.com/citiaps/visor-mapas-backend/routes/annotation.go:164.3,164.74 1 0
github.com/citiaps/visor-mapas-backend/routes/annotation.go:170.3,175.17 4 0
github.com/citiaps/visor-mapas-backend/routes/annotation.go:181.3,186.35 4 0
github.com/citiaps/visor-mapas-backend/routes/annotation.go:141.45,144.4 2 0
github.com/citiaps/visor-mapas-backend/routes/annotation.go:147.50,150.4 2 0
github.com/citiaps/visor-mapas-backend/routes/annotation.go:154.27,156.4 1 0
github.com/citiaps/visor-mapas-backend/routes/annotation.go:158.54,161.4 2 0
github.com/citiaps/visor-mapas-backend/routes/annotation.go:164.74,167.4 2 0
github.com/citiaps/visor-mapas-backend/routes/annotation.go:175.17,178.4 2 0
github.com/citiaps/visor-mapas-backend/routes/annotation.go:191.44,192.30 1 1
github.com/citiaps/visor-mapas-backend/routes/annotation.go:192.30,198.45 3 0
github.com/citiaps/visor-mapas-backend/routes/annotation.go:204.3,208.17 3 0
github.com/citiaps/visor-mapas-backend/routes/annotation.go:214.3,232.17 4 0
github.com/citiaps/visor-mapas-backend/routes/annotation.go:238.3,242.76 4 0
github.com/citiaps/visor-mapas-backend/routes/annotation.go:198.45,201.4 2 0
github.com/citiaps/visor-mapas-backend/routes/annotation.go:208.17,211.4 2 0
github.com/citiaps/visor-mapas-backend/routes/annotation.go:232.17,235.4 2 0
github.com/citiaps/visor-mapas-backend/routes/annotation.go:246.44,247.30 1 1
github.com/citiaps/visor-mapas-backend/routes/annotation.go:247.30,253.17 3 0
github.com/citiaps/visor-mapas-backend/routes/annotation.go:259.3,263.17 3 0
github.com/citiaps/visor-mapas-backend/routes/annotation.go:269.3,272.76 3 0
github.com/citiaps/visor-mapas-backend/routes/annotation.go:253.17,256.4 2 0
github.com/citiaps/visor-mapas-backend/routes/annotation.go:263.17,266.4 2 0
github.com/citiaps/visor-mapas-backend/routes/log.go:18.47,19.30 1 1
github.com/citiaps/visor-mapas-backend/routes/log.go:19.30,26.17 3 1
github.com/citiaps/visor-mapas-backend/routes/log.go:32.3,39.17 4 1
github.com/citiaps/visor-mapas-backend/routes/log.go:45.3,45.32 1 1
github.com/citiaps/visor-mapas-backend/routes/log.go:57.3,57.35 1 1
github.com/citiaps/visor-mapas-backend/routes/log.go:63.3,72.33 5 1
github.com/citiaps/visor-mapas-backend/routes/log.go:26.17,29.4 2 0
github.com/citiaps/visor-mapas-backend/routes/log.go:39.17,42.4 2 0
github.com/citiaps/visor-mapas-backend/routes/log.go:45.32,50.18 3 0
github.com/citiaps/visor-mapas-backend/routes/log.go:54.4,54.36 1 0
github.com/citiaps/visor-mapas-backend/routes/log.go:50.18,53.5 2 0
github.com/citiaps/visor-mapas-backend/routes/log.go:57.35,60.4 2 0
github.com/citiaps/visor-mapas-backend/routes/log.go:77.47,78.30 1 1
github.com/citiaps/visor-mapas-backend/routes/log.go:78.30,85.17 3 1
github.com/citiaps/visor-mapas-backend/routes/log.go:91.3,101.17 4 1
github.com/citiaps/visor-mapas-backend/routes/log.go:107.3,107.32 1 1
github.com/citiaps/visor-mapas-backend/routes/log.go:119.3,119.35 1 1
github.com/citiaps/visor-mapas-backend/routes/log.go:125.3,134.33 5 1
github.com/citiaps/visor-mapas-backend/routes/log.go:85.17,88.4 2 0
github.com/citiaps/visor-mapas-backend/routes/log.go:101.17,104.4 2 0
github.com/citiaps/visor-mapas-backend/routes/log.go:107.32,112.18 3 0
github.com/citiaps/visor-mapas-backend/routes/log.go:116.4,116.36 1 0
github.com/citiaps/visor-mapas-backend/routes/log.go:112.18,115.5 2 0
github.com/citiaps/visor-mapas-backend/routes/log.go:119.35,122.4 2 0
github.com/citiaps/visor-mapas-backend/routes/log.go:139.60,140.30 1 1
github.com/citiaps/visor-mapas-backend/routes/log.go:140.30,147.17 3 1
github.com/citiaps/visor-mapas-backend/routes/log.go:153.3,163.17 4 1
github.com/citiaps/visor-mapas-backend/routes/log.go:169.3,169.32 1 1
github.com/citiaps/visor-mapas-backend/routes/log.go:181.3,181.35 1 1
github.com/citiaps/visor-mapas-backend/routes/log.go:187.3,196.33 5 1
github.com/citiaps/visor-mapas-backend/routes/log.go:147.17,150.4 2 0
github.com/citiaps/visor-mapas-backend/routes/log.go:163.17,166.4 2 0
github.com/citiaps/visor-mapas-backend/routes/log.go:169.32,174.18 3 0
github.com/citiaps/visor-mapas-backend/routes/log.go:178.4,178.36 1 0
github.com/citiaps/visor-mapas-backend/routes/log.go:174.18,177.5 2 0
github.com/citiaps/visor-mapas-backend/routes/log.go:181.35,184.4 2 0
github.com/citiaps/visor-mapas-backend/routes/upload.go:17.42,18.30 1 1
github.com/citiaps/visor-mapas-backend/routes/upload.go:18.30,28.25 5 0
github.com/citiaps/visor-mapas-backend/routes/upload.go:33.3,34.17 2 0
github.com/citiaps/visor-mapas-backend/routes/upload.go:42.3,46.17 3 0
github.com/citiaps/visor-mapas-backend/routes/upload.go:69.3,71.5 1 0
github.com/citiaps/visor-mapas-backend/routes/upload.go:28.25,30.4 1 0
github.com/citiaps/visor-mapas-backend/routes/upload.go:34.17,38.4 2 0
github.com/citiaps/visor-mapas-backend/routes/upload.go:46.17,50.4 2 0
github.com/citiaps/visor-mapas-backend/routes/upload.go:50.9,58.18 5 0
github.com/citiaps/visor-mapas-backend/routes/upload.go:63.4,66.6 2 0
github.com/citiaps/visor-mapas-backend/routes/upload.go:58.18,61.5 2 0
github.com/citiaps/visor-mapas-backend/routes/upload.go:78.47,79.30 1 1
github.com/citiaps/visor-mapas-backend/routes/upload.go:79.30,83.25 2 0
github.com/citiaps/visor-mapas-backend/routes/upload.go:88.3,89.17 2 0
github.com/citiaps/visor-mapas-backend/routes/upload.go:95.3,99.17 3 0
github.com/citiaps/visor-mapas-backend/routes/upload.go:83.25,85.4 1 0
github.com/citiaps/visor-mapas-backend/routes/upload.go:89.17,92.4 2 0
github.com/citiaps/visor-mapas-backend/routes/upload.go:99.17,103.4 2 0
github.com/citiaps/visor-mapas-backend/routes/upload.go:103.9,109.4 2 0
github.com/citiaps/visor-mapas-backend/utils/http.go:22.36,24.2 1 0
github.com/citiaps/visor-mapas-backend/utils/http.go:26.50,29.4 2 0
github.com/citiaps/visor-mapas-backend/utils/http.go:31.87,35.16 2 0
github.com/citiaps/visor-mapas-backend/utils/http.go:40.2,41.16 2 0
github.com/citiaps/visor-mapas-backend/utils/http.go:45.2,54.16 5 0
github.com/citiaps/visor-mapas-backend/utils/http.go:60.2,61.16 2 0
github.com/citiaps/visor-mapas-backend/utils/http.go:85.2,89.16 3 0
github.com/citiaps/visor-mapas-backend/utils/http.go:95.2,103.16 6 0
github.com/citiaps/visor-mapas-backend/utils/http.go:109.2,109.77 1 0
github.com/citiaps/visor-mapas-backend/utils/http.go:115.2,117.12 2 0
github.com/citiaps/visor-mapas-backend/utils/http.go:35.16,38.3 2 0
github.com/citiaps/visor-mapas-backend/utils/http.go:41.16,44.3 2 0
github.com/citiaps/visor-mapas-backend/utils/http.go:54.16,57.3 2 0
github.com/citiaps/visor-mapas-backend/utils/http.go:61.16,64.3 2 0
github.com/citiaps/visor-mapas-backend/utils/http.go:89.16,92.3 2 0
github.com/citiaps/visor-mapas-backend/utils/http.go:103.16,106.3 2 0
github.com/citiaps/visor-mapas-backend/utils/http.go:109.77,113.3 3 0
github.com/citiaps/visor-mapas-backend/utils/http.go:120.92,125.16 3 1
github.com/citiaps/visor-mapas-backend/utils/http.go:129.2,129.17 1 1
github.com/citiaps/visor-mapas-backend/utils/http.go:133.2,135.14 2 1
github.com/citiaps/visor-mapas-backend/utils/http.go:141.2,147.25 5 1
github.com/citiaps/visor-mapas-backend/utils/http.go:125.16,127.3 1 0
github.com/citiaps/visor-mapas-backend/utils/http.go:129.17,131.3 1 0
github.com/citiaps/visor-mapas-backend/utils/http.go:135.14,137.3 1 0
github.com/citiaps/visor-mapas-backend/utils/http.go:137.8,139.3 1 1
github.com/citiaps/visor-mapas-backend/utils/http.go:150.74,156.33 3 1
github.com/citiaps/visor-mapas-backend/utils/http.go:161.2,161.38 1 1
github.com/citiaps/visor-mapas-backend/utils/http.go:156.33,158.3 1 1
github.com/citiaps/visor-mapas-backend/utils/http.go:158.8,160.3 1 1
github.com/citiaps/visor-mapas-backend/models/user.go:35.78,47.16 5 1
github.com/citiaps/visor-mapas-backend/models/user.go:52.2,54.24 2 1
github.com/citiaps/visor-mapas-backend/models/user.go:47.16,49.3 1 0
github.com/citiaps/visor-mapas-backend/models/user.go:57.78,69.16 5 0
github.com/citiaps/visor-mapas-backend/models/user.go:74.2,76.24 2 0
github.com/citiaps/visor-mapas-backend/models/user.go:69.16,71.3 1 0
github.com/citiaps/visor-mapas-backend/models/user.go:79.52,91.16 5 0
github.com/citiaps/visor-mapas-backend/models/user.go:95.2,95.24 1 0
github.com/citiaps/visor-mapas-backend/models/user.go:91.16,93.3 1 0
github.com/citiaps/visor-mapas-backend/models/user.go:98.92,99.12 1 0
github.com/citiaps/visor-mapas-backend/models/user.go:99.12,101.23 2 0
github.com/citiaps/visor-mapas-backend/models/user.go:102.16,105.74 3 0
github.com/citiaps/visor-mapas-backend/models/user.go:106.24,109.80 3 0
github.com/citiaps/visor-mapas-backend/models/user.go:110.11,111.10 1 0
github.com/citiaps/visor-mapas-backend/auth/authJwt.go:11.38,19.87 5 0
github.com/citiaps/visor-mapas-backend/auth/authJwt.go:19.87,23.18 2 0
github.com/citiaps/visor-mapas-backend/auth/authJwt.go:29.3,38.5 4 0
github.com/citiaps/visor-mapas-backend/auth/authJwt.go:23.18,26.4 2 0
github.com/citiaps/visor-mapas-backend/auth/authJwt.go:39.8,42.3 2 0
github.com/citiaps/visor-mapas-backend/auth/authJwt.go:45.40,47.2 0 0
github.com/citiaps/visor-mapas-backend/models/log.go:24.97,36.2 10 1
github.com/citiaps/visor-mapas-backend/models/log.go:39.30,46.16 3 1
github.com/citiaps/visor-mapas-backend/models/log.go:51.2,51.13 1 1
github.com/citiaps/visor-mapas-backend/models/log.go:46.16,49.3 2 0
github.com/citiaps/visor-mapas-backend/models/log.go:54.100,56.18 1 1
github.com/citiaps/visor-mapas-backend/models/log.go:59.2,60.12 2 1
github.com/citiaps/visor-mapas-backend/models/log.go:63.2,63.14 1 1
github.com/citiaps/visor-mapas-backend/models/log.go:56.18,58.3 1 1
github.com/citiaps/visor-mapas-backend/models/log.go:60.12,62.3 1 1
github.com/citiaps/visor-mapas-backend/auth/authSession.go:29.24,35.2 3 1
github.com/citiaps/visor-mapas-backend/auth/authSession.go:37.42,61.76 7 1
github.com/citiaps/visor-mapas-backend/auth/authSession.go:67.2,67.87 1 1
github.com/citiaps/visor-mapas-backend/auth/authSession.go:61.76,64.3 2 0
github.com/citiaps/visor-mapas-backend/auth/authSession.go:67.87,71.18 2 1
github.com/citiaps/visor-mapas-backend/auth/authSession.go:76.3,85.17 5 1
github.com/citiaps/visor-mapas-backend/auth/authSession.go:71.18,74.4 2 0
github.com/citiaps/visor-mapas-backend/auth/authSession.go:85.17,87.4 1 0
github.com/citiaps/visor-mapas-backend/auth/authSession.go:87.9,93.4 2 1
github.com/citiaps/visor-mapas-backend/auth/authSession.go:94.8,97.3 1 0
github.com/citiaps/visor-mapas-backend/auth/authSession.go:101.43,106.9 3 1
github.com/citiaps/visor-mapas-backend/auth/authSession.go:106.9,109.3 2 1
github.com/citiaps/visor-mapas-backend/auth/authSession.go:109.8,123.18 5 0
github.com/citiaps/visor-mapas-backend/auth/authSession.go:126.3,128.63 2 0
github.com/citiaps/visor-mapas-backend/auth/authSession.go:123.18,125.4 1 0
github.com/citiaps/visor-mapas-backend/auth/authSession.go:132.66,140.2 3 0
github.com/citiaps/visor-mapas-backend/auth/authSession.go:142.57,148.23 3 1
github.com/citiaps/visor-mapas-backend/auth/authSession.go:151.2,152.17 2 0
github.com/citiaps/visor-mapas-backend/auth/authSession.go:155.2,155.32 1 0
github.com/citiaps/visor-mapas-backend/auth/authSession.go:148.23,150.3 1 1
github.com/citiaps/visor-mapas-backend/auth/authSession.go:152.17,154.3 1 0
github.com/citiaps/visor-mapas-backend/routes/geoprocessing.go:23.47,24.30 1 1
github.com/citiaps/visor-mapas-backend/routes/geoprocessing.go:24.30,40.17 6 1
github.com/citiaps/visor-mapas-backend/routes/geoprocessing.go:46.3,54.35 5 1
github.com/citiaps/visor-mapas-backend/routes/geoprocessing.go:40.17,43.4 2 0
github.com/citiaps/visor-mapas-backend/routes/geoprocessing.go:59.45,60.30 1 1
github.com/citiaps/visor-mapas-backend/routes/geoprocessing.go:60.30,67.17 3 1
github.com/citiaps/visor-mapas-backend/routes/geoprocessing.go:73.3,80.17 4 0
github.com/citiaps/visor-mapas-backend/routes/geoprocessing.go:86.3,86.32 1 0
github.com/citiaps/visor-mapas-backend/routes/geoprocessing.go:67.17,70.4 2 1
github.com/citiaps/visor-mapas-backend/routes/geoprocessing.go:80.17,83.4 2 0
github.com/citiaps/visor-mapas-backend/routes/geoprocessing.go:91.45,92.30 1 1
github.com/citiaps/visor-mapas-backend/routes/geoprocessing.go:92.30,99.17 3 1
github.com/citiaps/visor-mapas-backend/routes/geoprocessing.go:105.3,112.17 4 1
github.com/citiaps/visor-mapas-backend/routes/geoprocessing.go:118.3,118.32 1 1
github.com/citiaps/visor-mapas-backend/routes/geoprocessing.go:130.3,130.35 1 1
github.com/citiaps/visor-mapas-backend/routes/geoprocessing.go:136.3,145.33 5 1
github.com/citiaps/visor-mapas-backend/routes/geoprocessing.go:99.17,102.4 2 0
github.com/citiaps/visor-mapas-backend/routes/geoprocessing.go:112.17,115.4 2 0
github.com/citiaps/visor-mapas-backend/routes/geoprocessing.go:118.32,123.18 3 1
github.com/citiaps/visor-mapas-backend/routes/geoprocessing.go:127.4,127.36 1 1
github.com/citiaps/visor-mapas-backend/routes/geoprocessing.go:123.18,126.5 2 0
github.com/citiaps/visor-mapas-backend/routes/geoprocessing.go:130.35,133.4 2 0
github.com/citiaps/visor-mapas-backend/routes/geoprocessing.go:150.47,151.30 1 1
github.com/citiaps/visor-mapas-backend/routes/geoprocessing.go:151.30,158.17 3 1
github.com/citiaps/visor-mapas-backend/routes/geoprocessing.go:164.3,168.17 3 0
github.com/citiaps/visor-mapas-backend/routes/geoprocessing.go:174.3,183.5 4 0
github.com/citiaps/visor-mapas-backend/routes/geoprocessing.go:158.17,161.4 2 1
github.com/citiaps/visor-mapas-backend/routes/geoprocessing.go:168.17,171.4 2 0
github.com/citiaps/visor-mapas-backend/routes/geoprocessing.go:188.47,189.30 1 1
github.com/citiaps/visor-mapas-backend/routes/geoprocessing.go:189.30,203.17 5 1
github.com/citiaps/visor-mapas-backend/routes/geoprocessing.go:209.3,223.17 4 0
github.com/citiaps/visor-mapas-backend/routes/geoprocessing.go:228.3,235.5 4 0
github.com/citiaps/visor-mapas-backend/routes/geoprocessing.go:203.17,206.4 2 1
github.com/citiaps/visor-mapas-backend/routes/geoprocessing.go:223.17,226.4 2 0
github.com/citiaps/visor-mapas-backend/routes/geoprocessing.go:239.51,240.30 1 1
github.com/citiaps/visor-mapas-backend/routes/geoprocessing.go:240.30,250.17 4 0
github.com/citiaps/visor-mapas-backend/routes/geoprocessing.go:256.3,279.17 3 0
github.com/citiaps/visor-mapas-backend/routes/geoprocessing.go:285.3,285.32 1 0
github.com/citiaps/visor-mapas-backend/routes/geoprocessing.go:297.3,297.35 1 0
github.com/citiaps/visor-mapas-backend/routes/geoprocessing.go:303.3,306.33 2 0
github.com/citiaps/visor-mapas-backend/routes/geoprocessing.go:250.17,253.4 2 0
github.com/citiaps/visor-mapas-backend/routes/geoprocessing.go:279.17,282.4 2 0
github.com/citiaps/visor-mapas-backend/routes/geoprocessing.go:285.32,290.18 3 0
github.com/citiaps/visor-mapas-backend/routes/geoprocessing.go:294.4,294.36 1 0
github.com/citiaps/visor-mapas-backend/routes/geoprocessing.go:290.18,293.5 2 0
github.com/citiaps/visor-mapas-backend/routes/geoprocessing.go:297.35,300.4 2 0
github.com/citiaps/visor-mapas-backend/routes/geoprocessing.go:310.43,311.30 1 1
github.com/citiaps/visor-mapas-backend/routes/geoprocessing.go:311.30,321.17 4 0
github.com/citiaps/visor-mapas-backend/routes/geoprocessing.go:327.3,327.31 1 0
github.com/citiaps/visor-mapas-backend/routes/geoprocessing.go:321.17,324.4 2 0
github.com/citiaps/visor-mapas-backend/routes/routes.go:10.29,16.2 2 1
github.com/citiaps/visor-mapas-backend/routes/routes.go:284.2,284.31 1 1
github.com/citiaps/visor-mapas-backend/routes/routes.go:16.2,18.3 2 1
github.com/citiaps/visor-mapas-backend/routes/routes.go:29.3,30.3 2 1
github.com/citiaps/visor-mapas-backend/routes/routes.go:53.3,54.3 2 1
github.com/citiaps/visor-mapas-backend/routes/routes.go:81.3,82.3 2 1
github.com/citiaps/visor-mapas-backend/routes/routes.go:105.3,106.3 2 1
github.com/citiaps/visor-mapas-backend/routes/routes.go:125.3,126.3 2 1
github.com/citiaps/visor-mapas-backend/routes/routes.go:146.3,147.3 2 1
github.com/citiaps/visor-mapas-backend/routes/routes.go:156.3,157.3 2 1
github.com/citiaps/visor-mapas-backend/routes/routes.go:173.3,174.3 2 1
github.com/citiaps/visor-mapas-backend/routes/routes.go:193.3,194.3 2 1
github.com/citiaps/visor-mapas-backend/routes/routes.go:207.3,208.3 2 1
github.com/citiaps/visor-mapas-backend/routes/routes.go:213.3,214.3 2 1
github.com/citiaps/visor-mapas-backend/routes/routes.go:253.3,254.3 2 1
github.com/citiaps/visor-mapas-backend/routes/routes.go:267.3,268.3 2 1
github.com/citiaps/visor-mapas-backend/routes/routes.go:18.3,26.4 4 1
github.com/citiaps/visor-mapas-backend/routes/routes.go:30.3,33.4 2 1
github.com/citiaps/visor-mapas-backend/routes/routes.go:40.4,41.4 2 1
github.com/citiaps/visor-mapas-backend/routes/routes.go:33.4,37.5 3 1
github.com/citiaps/visor-mapas-backend/routes/routes.go:41.4,49.5 5 1
github.com/citiaps/visor-mapas-backend/routes/routes.go:54.3,57.4 2 1
github.com/citiaps/visor-mapas-backend/routes/routes.go:66.4,67.4 2 1
github.com/citiaps/visor-mapas-backend/routes/routes.go:57.4,64.5 4 1
github.com/citiaps/visor-mapas-backend/routes/routes.go:67.4,77.5 5 1
github.com/citiaps/visor-mapas-backend/routes/routes.go:82.3,84.4 2 1
github.com/citiaps/visor-mapas-backend/routes/routes.go:90.4,91.4 2 1
github.com/citiaps/visor-mapas-backend/routes/routes.go:84.4,88.5 3 1
github.com/citiaps/visor-mapas-backend/routes/routes.go:91.4,101.5 5 1
github.com/citiaps/visor-mapas-backend/routes/routes.go:106.3,108.4 2 1
github.com/citiaps/visor-mapas-backend/routes/routes.go:114.4,115.4 2 1
github.com/citiaps/visor-mapas-backend/routes/routes.go:108.4,112.5 3 1
github.com/citiaps/visor-mapas-backend/routes/routes.go:115.4,121.5 3 1
github.com/citiaps/visor-mapas-backend/routes/routes.go:126.3,128.4 2 1
github.com/citiaps/visor-mapas-backend/routes/routes.go:134.4,135.4 2 1
github.com/citiaps/visor-mapas-backend/routes/routes.go:128.4,132.5 3 1
github.com/citiaps/visor-mapas-backend/routes/routes.go:135.4,142.5 4 1
github.com/citiaps/visor-mapas-backend/routes/routes.go:147.3,149.4 2 1
github.com/citiaps/visor-mapas-backend/routes/routes.go:149.4,151.5 1 1
github.com/citiaps/visor-mapas-backend/routes/routes.go:157.3,159.4 2 1
github.com/citiaps/visor-mapas-backend/routes/routes.go:163.4,164.4 2 1
github.com/citiaps/visor-mapas-backend/routes/routes.go:159.4,161.5 1 1
github.com/citiaps/visor-mapas-backend/routes/routes.go:164.4,169.5 4 1
github.com/citiaps/visor-mapas-backend/routes/routes.go:174.3,177.4 2 1
github.com/citiaps/visor-mapas-backend/routes/routes.go:181.4,182.4 2 1
github.com/citiaps/visor-mapas-backend/routes/routes.go:186.4,187.4 2 1
github.com/citiaps/visor-mapas-backend/routes/routes.go:177.4,180.5 2 1
github.com/citiaps/visor-mapas-backend/routes/routes.go:182.4,185.5 2 1
github.com/citiaps/visor-mapas-backend/routes/routes.go:187.4,189.5 1 1
github.com/citiaps/visor-mapas-backend/routes/routes.go:194.3,196.4 2 1
github.com/citiaps/visor-mapas-backend/routes/routes.go:196.4,203.5 6 1
github.com/citiaps/visor-mapas-backend/routes/routes.go:208.3,210.4 1 1
github.com/citiaps/visor-mapas-backend/routes/routes.go:214.3,217.4 2 1
github.com/citiaps/visor-mapas-backend/routes/routes.go:223.4,224.4 2 1
github.com/citiaps/visor-mapas-backend/routes/routes.go:217.4,221.5 3 1
github.com/citiaps/visor-mapas-backend/routes/routes.go:224.4,249.5 13 1
github.com/citiaps/visor-mapas-backend/routes/routes.go:254.3,256.4 2 1
github.com/citiaps/visor-mapas-backend/routes/routes.go:256.4,263.5 3 1
github.com/citiaps/visor-mapas-backend/routes/routes.go:268.3,270.4 2 1
github.com/citiaps/visor-mapas-backend/routes/routes.go:270.4,281.5 5 1
github.com/citiaps/visor-mapas-backend/routes/user.go:24.38,25.30 1 1
github.com/citiaps/visor-mapas-backend/routes/user.go:25.30,37.17 6 1
github.com/citiaps/visor-mapas-backend/routes/user.go:43.3,52.17 4 1
github.com/citiaps/visor-mapas-backend/routes/user.go:58.3,68.35 6 0
github.com/citiaps/visor-mapas-backend/routes/user.go:37.17,40.4 2 0
github.com/citiaps/visor-mapas-backend/routes/user.go:52.17,55.4 2 1
github.com/citiaps/visor-mapas-backend/routes/user.go:72.36,73.30 1 1
github.com/citiaps/visor-mapas-backend/routes/user.go:73.30,80.17 3 1
github.com/citiaps/visor-mapas-backend/routes/user.go:86.3,93.17 4 0
github.com/citiaps/visor-mapas-backend/routes/user.go:98.3,101.32 2 0
github.com/citiaps/visor-mapas-backend/routes/user.go:80.17,83.4 2 1
github.com/citiaps/visor-mapas-backend/routes/user.go:93.17,96.4 2 0
github.com/citiaps/visor-mapas-backend/routes/user.go:105.52,106.30 1 1
github.com/citiaps/visor-mapas-backend/routes/user.go:106.30,114.17 4 1
github.com/citiaps/visor-mapas-backend/routes/user.go:126.3,133.17 4 1
github.com/citiaps/visor-mapas-backend/routes/user.go:139.3,139.32 1 1
github.com/citiaps/visor-mapas-backend/routes/user.go:152.3,152.35 1 1
github.com/citiaps/visor-mapas-backend/routes/user.go:158.3,162.17 2 1
github.com/citiaps/visor-mapas-backend/routes/user.go:169.3,169.33 1 1
github.com/citiaps/visor-mapas-backend/routes/user.go:114.17,117.18 2 1
github.com/citiaps/visor-mapas-backend/routes/user.go:117.18,120.5 2 0
github.com/citiaps/visor-mapas-backend/routes/user.go:121.9,123.4 1 1
github.com/citiaps/visor-mapas-backend/routes/user.go:133.17,136.4 2 0
github.com/citiaps/visor-mapas-backend/routes/user.go:139.32,144.18 3 1
github.com/citiaps/visor-mapas-backend/routes/user.go:148.4,149.36 2 1
github.com/citiaps/visor-mapas-backend/routes/user.go:144.18,147.5 2 0
github.com/citiaps/visor-mapas-backend/routes/user.go:152.35,155.4 2 0
github.com/citiaps/visor-mapas-backend/routes/user.go:162.17,166.4 3 1
github.com/citiaps/visor-mapas-backend/routes/user.go:173.38,174.30 1 1
github.com/citiaps/visor-mapas-backend/routes/user.go:174.30,181.17 3 1
github.com/citiaps/visor-mapas-backend/routes/user.go:187.3,191.17 3 0
github.com/citiaps/visor-mapas-backend/routes/user.go:197.3,206.5 4 0
github.com/citiaps/visor-mapas-backend/routes/user.go:181.17,184.4 2 1
github.com/citiaps/visor-mapas-backend/routes/user.go:191.17,194.4 2 0
github.com/citiaps/visor-mapas-backend/routes/user.go:210.38,211.30 1 1
github.com/citiaps/visor-mapas-backend/routes/user.go:211.30,225.17 5 1
github.com/citiaps/visor-mapas-backend/routes/user.go:231.3,247.17 4 0
github.com/citiaps/visor-mapas-backend/routes/user.go:252.3,262.5 5 0
github.com/citiaps/visor-mapas-backend/routes/user.go:225.17,228.4 2 1
github.com/citiaps/visor-mapas-backend/routes/user.go:247.17,250.4 2 0
github.com/citiaps/visor-mapas-backend/routes/user.go:266.40,267.30 1 1
github.com/citiaps/visor-mapas-backend/routes/user.go:267.30,274.17 3 1
github.com/citiaps/visor-mapas-backend/routes/user.go:280.3,285.17 4 0
github.com/citiaps/visor-mapas-backend/routes/user.go:290.3,296.17 5 0
github.com/citiaps/visor-mapas-backend/routes/user.go:302.3,302.37 1 0
github.com/citiaps/visor-mapas-backend/routes/user.go:274.17,277.4 2 1
github.com/citiaps/visor-mapas-backend/routes/user.go:285.17,288.4 2 0
github.com/citiaps/visor-mapas-backend/routes/user.go:296.17,299.4 2 0
github.com/citiaps/visor-mapas-backend/routes/user.go:306.42,307.30 1 1
github.com/citiaps/visor-mapas-backend/routes/user.go:307.30,317.17 4 1
github.com/citiaps/visor-mapas-backend/routes/user.go:323.3,346.17 3 0
github.com/citiaps/visor-mapas-backend/routes/user.go:352.3,352.32 1 0
github.com/citiaps/visor-mapas-backend/routes/user.go:364.3,364.35 1 0
github.com/citiaps/visor-mapas-backend/routes/user.go:370.3,373.33 2 0
github.com/citiaps/visor-mapas-backend/routes/user.go:317.17,320.4 2 1
github.com/citiaps/visor-mapas-backend/routes/user.go:346.17,349.4 2 0
github.com/citiaps/visor-mapas-backend/routes/user.go:352.32,357.18 3 0
github.com/citiaps/visor-mapas-backend/routes/user.go:361.4,361.36 1 0
github.com/citiaps/visor-mapas-backend/routes/user.go:357.18,360.5 2 0
github.com/citiaps/visor-mapas-backend/routes/user.go:364.35,367.4 2 0
github.com/citiaps/visor-mapas-backend/routes/user.go:377.34,378.30 1 1
github.com/citiaps/visor-mapas-backend/routes/user.go:378.30,388.17 4 0
github.com/citiaps/visor-mapas-backend/routes/user.go:394.3,394.31 1 0
github.com/citiaps/visor-mapas-backend/routes/user.go:388.17,391.4 2 0
github.com/citiaps/visor-mapas-backend/models/geoprocessing.go:21.64,33.16 5 0
github.com/citiaps/visor-mapas-backend/models/geoprocessing.go:37.2,37.15 1 0
github.com/citiaps/visor-mapas-backend/models/geoprocessing.go:33.16,35.3 1 0
github.com/citiaps/visor-mapas-backend/models/relationship.go:38.63,45.16 4 0
github.com/citiaps/visor-mapas-backend/models/relationship.go:49.2,49.13 1 0
github.com/citiaps/visor-mapas-backend/models/relationship.go:45.16,48.3 2 0
github.com/citiaps/visor-mapas-backend/models/relationship.go:53.80,60.16 4 0
github.com/citiaps/visor-mapas-backend/models/relationship.go:64.2,64.13 1 0
github.com/citiaps/visor-mapas-backend/models/relationship.go:60.16,63.3 2 0
github.com/citiaps/visor-mapas-backend/models/relationship.go:68.62,75.16 4 0
github.com/citiaps/visor-mapas-backend/models/relationship.go:79.2,79.13 1 0
github.com/citiaps/visor-mapas-backend/models/relationship.go:75.16,78.3 2 0
github.com/citiaps/visor-mapas-backend/models/relationship.go:83.55,90.16 4 0
github.com/citiaps/visor-mapas-backend/models/relationship.go:95.2,98.16 3 0
github.com/citiaps/visor-mapas-backend/models/relationship.go:103.2,106.16 3 0
github.com/citiaps/visor-mapas-backend/models/relationship.go:111.2,111.13 1 0
github.com/citiaps/visor-mapas-backend/models/relationship.go:90.16,93.3 2 0
github.com/citiaps/visor-mapas-backend/models/relationship.go:98.16,101.3 2 0
github.com/citiaps/visor-mapas-backend/models/relationship.go:106.16,109.3 2 0
github.com/citiaps/visor-mapas-backend/auth/middleware.go:15.39,16.30 1 1
github.com/citiaps/visor-mapas-backend/auth/middleware.go:16.30,24.36 6 0
github.com/citiaps/visor-mapas-backend/auth/middleware.go:29.3,29.11 1 0
github.com/citiaps/visor-mapas-backend/auth/middleware.go:24.36,27.4 2 0
github.com/citiaps/visor-mapas-backend/auth/middleware.go:33.63,34.30 1 1
github.com/citiaps/visor-mapas-backend/auth/middleware.go:34.30,40.75 2 0
github.com/citiaps/visor-mapas-backend/auth/middleware.go:40.75,44.4 2 0
github.com/citiaps/visor-mapas-backend/auth/middleware.go:44.9,44.66 1 0
github.com/citiaps/visor-mapas-backend/auth/middleware.go:44.66,48.4 2 0
github.com/citiaps/visor-mapas-backend/auth/middleware.go:48.9,48.71 1 0
github.com/citiaps/visor-mapas-backend/auth/middleware.go:48.71,52.4 2 0
github.com/citiaps/visor-mapas-backend/auth/middleware.go:52.9,68.4 5 0
github.com/citiaps/visor-mapas-backend/auth/middleware.go:72.69,73.20 1 0
github.com/citiaps/visor-mapas-backend/auth/middleware.go:74.15,75.32 1 0
github.com/citiaps/visor-mapas-backend/auth/middleware.go:76.16,77.33 1 0
github.com/citiaps/visor-mapas-backend/auth/middleware.go:78.13,79.30 1 0
github.com/citiaps/visor-mapas-backend/auth/middleware.go:80.14,81.31 1 0
github.com/citiaps/visor-mapas-backend/auth/middleware.go:82.15,83.32 1 0
github.com/citiaps/visor-mapas-backend/auth/middleware.go:84.20,85.37 1 0
github.com/citiaps/visor-mapas-backend/auth/middleware.go:86.15,87.110 1 0
github.com/citiaps/visor-mapas-backend/auth/middleware.go:88.14,89.14 1 0
github.com/citiaps/visor-mapas-backend/auth/middleware.go:90.10,91.15 1 0
github.com/citiaps/visor-mapas-backend/auth/middleware.go:96.59,97.30 1 0
github.com/citiaps/visor-mapas-backend/auth/middleware.go:97.30,103.26 3 0
github.com/citiaps/visor-mapas-backend/auth/middleware.go:103.26,106.19 3 0
github.com/citiaps/visor-mapas-backend/auth/middleware.go:116.4,116.12 1 0
github.com/citiaps/visor-mapas-backend/auth/middleware.go:106.19,110.5 2 0
github.com/citiaps/visor-mapas-backend/auth/middleware.go:110.10,110.68 1 0
github.com/citiaps/visor-mapas-backend/auth/middleware.go:110.68,114.5 2 0
github.com/citiaps/visor-mapas-backend/auth/middleware.go:117.9,121.4 2 0
github.com/citiaps/visor-mapas-backend/routes/layer.go:25.50,26.28 1 0
github.com/citiaps/visor-mapas-backend/routes/layer.go:31.5,31.17 1 0
github.com/citiaps/visor-mapas-backend/routes/layer.go:26.28,27.19 1 0
github.com/citiaps/visor-mapas-backend/routes/layer.go:27.19,29.10 1 0
github.com/citiaps/visor-mapas-backend/routes/layer.go:36.39,37.30 1 1
github.com/citiaps/visor-mapas-backend/routes/layer.go:37.30,43.45 3 1
github.com/citiaps/visor-mapas-backend/routes/layer.go:49.3,49.31 1 1
github.com/citiaps/visor-mapas-backend/routes/layer.go:55.3,55.43 1 0
github.com/citiaps/visor-mapas-backend/routes/layer.go:61.3,61.33 1 0
github.com/citiaps/visor-mapas-backend/routes/layer.go:67.3,69.57 3 0
github.com/citiaps/visor-mapas-backend/routes/layer.go:75.3,75.32 1 0
github.com/citiaps/visor-mapas-backend/routes/layer.go:81.3,82.17 2 0
github.com/citiaps/visor-mapas-backend/routes/layer.go:88.3,88.66 1 0
github.com/citiaps/visor-mapas-backend/routes/layer.go:92.3,96.19 3 0
github.com/citiaps/visor-mapas-backend/routes/layer.go:104.3,104.19 1 0
github.com/citiaps/visor-mapas-backend/routes/layer.go:109.3,109.29 1 0
github.com/citiaps/visor-mapas-backend/routes/layer.go:113.3,139.41 2 0
github.com/citiaps/visor-mapas-backend/routes/layer.go:181.3,186.17 4 0
github.com/citiaps/visor-mapas-backend/routes/layer.go:192.3,200.35 5 0
github.com/citiaps/visor-mapas-backend/routes/layer.go:43.45,46.4 2 0
github.com/citiaps/visor-mapas-backend/routes/layer.go:49.31,52.4 2 1
github.com/citiaps/visor-mapas-backend/routes/layer.go:55.43,58.4 2 0
github.com/citiaps/visor-mapas-backend/routes/layer.go:61.33,64.4 2 0
github.com/citiaps/visor-mapas-backend/routes/layer.go:69.57,72.4 2 0
github.com/citiaps/visor-mapas-backend/routes/layer.go:75.32,78.4 2 0
github.com/citiaps/visor-mapas-backend/routes/layer.go:82.17,85.4 2 0
github.com/citiaps/visor-mapas-backend/routes/layer.go:88.66,91.4 2 0
github.com/citiaps/visor-mapas-backend/routes/layer.go:96.19,98.4 1 0
github.com/citiaps/visor-mapas-backend/routes/layer.go:98.9,101.4 2 0
github.com/citiaps/visor-mapas-backend/routes/layer.go:104.19,106.4 1 0
github.com/citiaps/visor-mapas-backend/routes/layer.go:109.29,112.4 2 0
github.com/citiaps/visor-mapas-backend/routes/layer.go:139.41,145.27 2 0
github.com/citiaps/visor-mapas-backend/routes/layer.go:150.4,150.27 1 0
github.com/citiaps/visor-mapas-backend/routes/layer.go:155.4,155.27 1 0
github.com/citiaps/visor-mapas-backend/routes/layer.go:159.4,159.28 1 0
github.com/citiaps/visor-mapas-backend/routes/layer.go:167.4,167.31 1 0
github.com/citiaps/visor-mapas-backend/routes/layer.go:172.4,172.32 1 0
github.com/citiaps/visor-mapas-backend/routes/layer.go:145.27,147.5 1 0
github.com/citiaps/visor-mapas-backend/routes/layer.go:150.27,152.5 1 0
github.com/citiaps/visor-mapas-backend/routes/layer.go:155.27,157.5 1 0
github.com/citiaps/visor-mapas-backend/routes/layer.go:159.28,164.5 3 0
github.com/citiaps/visor-mapas-backend/routes/layer.go:167.31,169.5 1 0
github.com/citiaps/visor-mapas-backend/routes/layer.go:172.32,174.5 1 0
github.com/citiaps/visor-mapas-backend/routes/layer.go:186.17,189.4 2 0
github.com/citiaps/visor-mapas-backend/routes/layer.go:204.37,205.30 1 1
github.com/citiaps/visor-mapas-backend/routes/layer.go:205.30,212.17 3 1
github.com/citiaps/visor-mapas-backend/routes/layer.go:218.3,226.17 4 0
github.com/citiaps/visor-mapas-backend/routes/layer.go:232.3,232.32 1 0
github.com/citiaps/visor-mapas-backend/routes/layer.go:212.17,215.4 2 1
github.com/citiaps/visor-mapas-backend/routes/layer.go:226.17,229.4 2 0
github.com/citiaps/visor-mapas-backend/routes/layer.go:236.52,237.30 1 1
github.com/citiaps/visor-mapas-backend/routes/layer.go:237.30,245.17 4 1
github.com/citiaps/visor-mapas-backend/routes/layer.go:257.3,264.17 4 1
github.com/citiaps/visor-mapas-backend/routes/layer.go:270.3,270.32 1 1
github.com/citiaps/visor-mapas-backend/routes/layer.go:282.3,282.35 1 1
github.com/citiaps/visor-mapas-backend/routes/layer.go:288.3,292.17 2 1
github.com/citiaps/visor-mapas-backend/routes/layer.go:299.3,299.33 1 1
github.com/citiaps/visor-mapas-backend/routes/layer.go:245.17,248.18 2 0
github.com/citiaps/visor-mapas-backend/routes/layer.go:248.18,251.5 2 0
github.com/citiaps/visor-mapas-backend/routes/layer.go:252.9,254.4 1 1
github.com/citiaps/visor-mapas-backend/routes/layer.go:264.17,267.4 2 0
github.com/citiaps/visor-mapas-backend/routes/layer.go:270.32,275.18 3 1
github.com/citiaps/visor-mapas-backend/routes/layer.go:279.4,279.36 1 1
github.com/citiaps/visor-mapas-backend/routes/layer.go:275.18,278.5 2 0
github.com/citiaps/visor-mapas-backend/routes/layer.go:282.35,285.4 2 0
github.com/citiaps/visor-mapas-backend/routes/layer.go:292.17,296.4 3 0
github.com/citiaps/visor-mapas-backend/routes/layer.go:303.39,304.30 1 1
github.com/citiaps/visor-mapas-backend/routes/layer.go:304.30,311.17 3 1
github.com/citiaps/visor-mapas-backend/routes/layer.go:317.3,321.17 3 0
github.com/citiaps/visor-mapas-backend/routes/layer.go:327.3,337.5 5 0
github.com/citiaps/visor-mapas-backend/routes/layer.go:311.17,314.4 2 1
github.com/citiaps/visor-mapas-backend/routes/layer.go:321.17,324.4 2 0
github.com/citiaps/visor-mapas-backend/routes/layer.go:341.39,342.30 1 1
github.com/citiaps/visor-mapas-backend/routes/layer.go:342.30,348.17 3 1
github.com/citiaps/visor-mapas-backend/routes/layer.go:354.3,361.17 4 0
github.com/citiaps/visor-mapas-backend/routes/layer.go:368.3,369.45 2 0
github.com/citiaps/visor-mapas-backend/routes/layer.go:377.3,377.31 1 0
github.com/citiaps/visor-mapas-backend/routes/layer.go:383.3,383.43 1 0
github.com/citiaps/visor-mapas-backend/routes/layer.go:389.3,389.33 1 0
github.com/citiaps/visor-mapas-backend/routes/layer.go:395.3,397.57 3 0
github.com/citiaps/visor-mapas-backend/routes/layer.go:403.3,403.32 1 0
github.com/citiaps/visor-mapas-backend/routes/layer.go:409.3,410.17 2 0
github.com/citiaps/visor-mapas-backend/routes/layer.go:415.3,418.49 2 0
github.com/citiaps/visor-mapas-backend/routes/layer.go:533.3,538.32 4 0
github.com/citiaps/visor-mapas-backend/routes/layer.go:348.17,351.4 2 1
github.com/citiaps/visor-mapas-backend/routes/layer.go:361.17,365.4 2 0
github.com/citiaps/visor-mapas-backend/routes/layer.go:369.45,372.4 2 0
github.com/citiaps/visor-mapas-backend/routes/layer.go:377.31,380.4 2 0
github.com/citiaps/visor-mapas-backend/routes/layer.go:383.43,386.4 2 0
github.com/citiaps/visor-mapas-backend/routes/layer.go:389.33,392.4 2 0
github.com/citiaps/visor-mapas-backend/routes/layer.go:397.57,400.4 2 0
github.com/citiaps/visor-mapas-backend/routes/layer.go:403.32,406.4 2 0
github.com/citiaps/visor-mapas-backend/routes/layer.go:410.17,413.4 2 0
github.com/citiaps/visor-mapas-backend/routes/layer.go:418.49,420.67 1 0
github.com/citiaps/visor-mapas-backend/routes/layer.go:424.4,428.20 3 0
github.com/citiaps/visor-mapas-backend/routes/layer.go:436.4,436.20 1 0
github.com/citiaps/visor-mapas-backend/routes/layer.go:441.4,441.30 1 0
github.com/citiaps/visor-mapas-backend/routes/layer.go:445.4,448.30 2 0
github.com/citiaps/visor-mapas-backend/routes/layer.go:473.4,508.18 4 0
github.com/citiaps/visor-mapas-backend/routes/layer.go:420.67,423.5 2 0
github.com/citiaps/visor-mapas-backend/routes/layer.go:428.20,430.5 1 0
github.com/citiaps/visor-mapas-backend/routes/layer.go:430.10,433.5 2 0
github.com/citiaps/visor-mapas-backend/routes/layer.go:436.20,438.5 1 0
github.com/citiaps/visor-mapas-backend/routes/layer.go:441.30,444.5 2 0
github.com/citiaps/visor-mapas-backend/routes/layer.go:449.19,452.47 2 0
github.com/citiaps/visor-mapas-backend/routes/layer.go:457.22,460.50 2 0
github.com/citiaps/visor-mapas-backend/routes/layer.go:464.13,466.12 2 0
github.com/citiaps/visor-mapas-backend/routes/layer.go:452.47,455.7 2 0
github.com/citiaps/visor-mapas-backend/routes/layer.go:460.50,463.7 2 0
github.com/citiaps/visor-mapas-backend/routes/layer.go:508.18,511.5 2 0
github.com/citiaps/visor-mapas-backend/routes/layer.go:542.44,543.30 1 1
github.com/citiaps/visor-mapas-backend/routes/layer.go:543.30,550.17 3 1
github.com/citiaps/visor-mapas-backend/routes/layer.go:556.3,561.17 4 0
github.com/citiaps/visor-mapas-backend/routes/layer.go:566.3,572.17 5 0
github.com/citiaps/visor-mapas-backend/routes/layer.go:578.3,578.40 1 0
github.com/citiaps/visor-mapas-backend/routes/layer.go:550.17,553.4 2 1
github.com/citiaps/visor-mapas-backend/routes/layer.go:561.17,564.4 2 0
github.com/citiaps/visor-mapas-backend/routes/layer.go:572.17,575.4 2 0
github.com/citiaps/visor-mapas-backend/routes/layer.go:582.43,583.30 1 1
github.com/citiaps/visor-mapas-backend/routes/layer.go:583.30,593.17 4 0
github.com/citiaps/visor-mapas-backend/routes/layer.go:599.3,622.17 3 0
github.com/citiaps/visor-mapas-backend/routes/layer.go:628.3,628.32 1 0
github.com/citiaps/visor-mapas-backend/routes/layer.go:640.3,640.35 1 0
github.com/citiaps/visor-mapas-backend/routes/layer.go:646.3,649.33 2 0
github.com/citiaps/visor-mapas-backend/routes/layer.go:593.17,596.4 2 0
github.com/citiaps/visor-mapas-backend/routes/layer.go:622.17,625.4 2 0
github.com/citiaps/visor-mapas-backend/routes/layer.go:628.32,633.18 3 0
github.com/citiaps/visor-mapas-backend/routes/layer.go:637.4,637.36 1 0
github.com/citiaps/visor-mapas-backend/routes/layer.go:633.18,636.5 2 0
github.com/citiaps/visor-mapas-backend/routes/layer.go:640.35,643.4 2 0
github.com/citiaps/visor-mapas-backend/routes/layer.go:653.35,654.30 1 1
github.com/citiaps/visor-mapas-backend/routes/layer.go:654.30,664.17 4 0
github.com/citiaps/visor-mapas-backend/routes/layer.go:670.3,670.31 1 0
github.com/citiaps/visor-mapas-backend/routes/layer.go:664.17,667.4 2 0
github.com/citiaps/visor-mapas-backend/routes/relationship.go:22.41,23.30 1 1
github.com/citiaps/visor-mapas-backend/routes/relationship.go:23.30,36.17 5 0
github.com/citiaps/visor-mapas-backend/routes/relationship.go:40.3,44.17 3 0
github.com/citiaps/visor-mapas-backend/routes/relationship.go:48.3,52.17 3 0
github.com/citiaps/visor-mapas-backend/routes/relationship.go:58.3,68.35 5 0
github.com/citiaps/visor-mapas-backend/routes/relationship.go:36.17,39.4 2 0
github.com/citiaps/visor-mapas-backend/routes/relationship.go:44.17,47.4 2 0
github.com/citiaps/visor-mapas-backend/routes/relationship.go:52.17,55.4 2 0
github.com/citiaps/visor-mapas-backend/routes/relationship.go:72.41,73.30 1 1
github.com/citiaps/visor-mapas-backend/routes/relationship.go:73.30,80.17 3 0
github.com/citiaps/visor-mapas-backend/routes/relationship.go:86.3,87.17 2 0
github.com/citiaps/visor-mapas-backend/routes/relationship.go:93.3,104.17 3 0
github.com/citiaps/visor-mapas-backend/routes/relationship.go:110.3,116.5 3 0
github.com/citiaps/visor-mapas-backend/routes/relationship.go:80.17,83.4 2 0
github.com/citiaps/visor-mapas-backend/routes/relationship.go:87.17,90.4 2 0
github.com/citiaps/visor-mapas-backend/routes/relationship.go:104.17,107.4 2 0
github.com/citiaps/visor-mapas-backend/routes/relationship.go:120.40,121.30 1 1
github.com/citiaps/visor-mapas-backend/routes/relationship.go:121.30,134.17 5 0
github.com/citiaps/visor-mapas-backend/routes/relationship.go:138.3,142.17 3 0
github.com/citiaps/visor-mapas-backend/routes/relationship.go:146.3,150.17 3 0
github.com/citiaps/visor-mapas-backend/routes/relationship.go:156.3,166.35 5 0
github.com/citiaps/visor-mapas-backend/routes/relationship.go:134.17,137.4 2 0
github.com/citiaps/visor-mapas-backend/routes/relationship.go:142.17,145.4 2 0
github.com/citiaps/visor-mapas-backend/routes/relationship.go:150.17,153.4 2 0
github.com/citiaps/visor-mapas-backend/routes/relationship.go:170.40,171.30 1 1
github.com/citiaps/visor-mapas-backend/routes/relationship.go:171.30,178.17 3 0
github.com/citiaps/visor-mapas-backend/routes/relationship.go:184.3,185.17 2 0
github.com/citiaps/visor-mapas-backend/routes/relationship.go:191.3,202.17 3 0
github.com/citiaps/visor-mapas-backend/routes/relationship.go:208.3,214.5 3 0
github.com/citiaps/visor-mapas-backend/routes/relationship.go:178.17,181.4 2 0
github.com/citiaps/visor-mapas-backend/routes/relationship.go:185.17,188.4 2 0
github.com/citiaps/visor-mapas-backend/routes/relationship.go:202.17,205.4 2 0
github.com/citiaps/visor-mapas-backend/routes/relationship.go:218.42,219.30 1 1
github.com/citiaps/visor-mapas-backend/routes/relationship.go:219.30,232.17 5 0
github.com/citiaps/visor-mapas-backend/routes/relationship.go:236.3,240.17 3 0
github.com/citiaps/visor-mapas-backend/routes/relationship.go:244.3,248.17 3 0
github.com/citiaps/visor-mapas-backend/routes/relationship.go:254.3,264.35 5 0
github.com/citiaps/visor-mapas-backend/routes/relationship.go:232.17,235.4 2 0
github.com/citiaps/visor-mapas-backend/routes/relationship.go:240.17,243.4 2 0
github.com/citiaps/visor-mapas-backend/routes/relationship.go:248.17,251.4 2 0
github.com/citiaps/visor-mapas-backend/routes/relationship.go:268.42,269.30 1 1
github.com/citiaps/visor-mapas-backend/routes/relationship.go:269.30,276.17 3 0
github.com/citiaps/visor-mapas-backend/routes/relationship.go:282.3,283.17 2 0
github.com/citiaps/visor-mapas-backend/routes/relationship.go:289.3,300.17 3 0
github.com/citiaps/visor-mapas-backend/routes/relationship.go:306.3,312.5 3 0
github.com/citiaps/visor-mapas-backend/routes/relationship.go:276.17,279.4 2 0
github.com/citiaps/visor-mapas-backend/routes/relationship.go:283.17,286.4 2 0
github.com/citiaps/visor-mapas-backend/routes/relationship.go:300.17,303.4 2 0
github.com/citiaps/visor-mapas-backend/utils/mail.go:23.47,25.2 1 1
github.com/citiaps/visor-mapas-backend/utils/mail.go:29.23,31.2 1 1
github.com/citiaps/visor-mapas-backend/utils/mail.go:33.77,40.2 6 1
github.com/citiaps/visor-mapas-backend/utils/mail.go:42.34,45.22 3 1
github.com/citiaps/visor-mapas-backend/utils/mail.go:49.2,52.16 3 1
github.com/citiaps/visor-mapas-backend/utils/mail.go:45.22,47.3 1 1
github.com/citiaps/visor-mapas-backend/utils/mail.go:55.31,69.16 5 1
github.com/citiaps/visor-mapas-backend/utils/mail.go:74.2,75.16 2 1
github.com/citiaps/visor-mapas-backend/utils/mail.go:81.2,81.41 1 1
github.com/citiaps/visor-mapas-backend/utils/mail.go:87.2,87.48 1 0
github.com/citiaps/visor-mapas-backend/utils/mail.go:91.2,91.28 1 0
github.com/citiaps/visor-mapas-backend/utils/mail.go:99.2,100.16 2 0
github.com/citiaps/visor-mapas-backend/utils/mail.go:105.2,106.16 2 0
github.com/citiaps/visor-mapas-backend/utils/mail.go:111.2,112.16 2 0
github.com/citiaps/visor-mapas-backend/utils/mail.go:117.2,120.13 3 0
github.com/citiaps/visor-mapas-backend/utils/mail.go:69.16,72.3 2 0
github.com/citiaps/visor-mapas-backend/utils/mail.go:75.16,78.3 2 0
github.com/citiaps/visor-mapas-backend/utils/mail.go:81.41,84.3 2 1
github.com/citiaps/visor-mapas-backend/utils/mail.go:87.48,90.3 2 0
github.com/citiaps/visor-mapas-backend/utils/mail.go:91.28,92.39 1 0
github.com/citiaps/visor-mapas-backend/utils/mail.go:92.39,95.4 2 0
github.com/citiaps/visor-mapas-backend/utils/mail.go:100.16,103.3 2 0
github.com/citiaps/visor-mapas-backend/utils/mail.go:106.16,109.3 2 0
github.com/citiaps/visor-mapas-backend/utils/mail.go:112.16,115.3 2 0
github.com/citiaps/visor-mapas-backend/utils/mail.go:124.64,126.12 2 0
github.com/citiaps/visor-mapas-backend/utils/mail.go:129.2,129.14 1 0
github.com/citiaps/visor-mapas-backend/utils/mail.go:126.12,128.3 1 0
github.com/citiaps/visor-mapas-backend/routes/account.go:20.35,21.30 1 1
github.com/citiaps/visor-mapas-backend/routes/account.go:21.30,27.10 3 1
github.com/citiaps/visor-mapas-backend/routes/account.go:33.3,34.17 2 0
github.com/citiaps/visor-mapas-backend/routes/account.go:40.3,47.17 4 0
github.com/citiaps/visor-mapas-backend/routes/account.go:52.3,55.32 2 0
github.com/citiaps/visor-mapas-backend/routes/account.go:27.10,30.4 2 1
github.com/citiaps/visor-mapas-backend/routes/account.go:34.17,37.4 2 0
github.com/citiaps/visor-mapas-backend/routes/account.go:47.17,50.4 2 0
github.com/citiaps/visor-mapas-backend/routes/account.go:59.41,60.30 1 1
github.com/citiaps/visor-mapas-backend/routes/account.go:60.30,73.10 5 1
github.com/citiaps/visor-mapas-backend/routes/account.go:79.3,80.17 2 0
github.com/citiaps/visor-mapas-backend/routes/account.go:86.3,86.67 1 0
github.com/citiaps/visor-mapas-backend/routes/account.go:92.3,94.17 3 0
github.com/citiaps/visor-mapas-backend/routes/account.go:100.3,115.17 5 0
github.com/citiaps/visor-mapas-backend/routes/account.go:121.3,127.5 3 0
github.com/citiaps/visor-mapas-backend/routes/account.go:73.10,76.4 2 1
github.com/citiaps/visor-mapas-backend/routes/account.go:80.17,83.4 2 0
github.com/citiaps/visor-mapas-backend/routes/account.go:86.67,89.4 2 0
github.com/citiaps/visor-mapas-backend/routes/account.go:94.17,97.4 2 0
github.com/citiaps/visor-mapas-backend/routes/account.go:115.17,118.4 2 0
github.com/citiaps/visor-mapas-backend/routes/account.go:131.44,132.30 1 1
github.com/citiaps/visor-mapas-backend/routes/account.go:132.30,150.20 7 0
github.com/citiaps/visor-mapas-backend/routes/account.go:159.3,162.5 1 0
github.com/citiaps/visor-mapas-backend/routes/account.go:150.20,156.4 2 0
github.com/citiaps/visor-mapas-backend/routes/account.go:166.35,167.30 1 1
github.com/citiaps/visor-mapas-backend/routes/account.go:167.30,174.17 3 1
github.com/citiaps/visor-mapas-backend/routes/account.go:179.3,180.10 2 1
github.com/citiaps/visor-mapas-backend/routes/account.go:186.3,193.17 4 0
github.com/citiaps/visor-mapas-backend/routes/account.go:199.3,199.32 1 0
github.com/citiaps/visor-mapas-backend/routes/account.go:211.3,211.35 1 0
github.com/citiaps/visor-mapas-backend/routes/account.go:217.3,226.33 5 0
github.com/citiaps/visor-mapas-backend/routes/account.go:174.17,177.4 2 0
github.com/citiaps/visor-mapas-backend/routes/account.go:180.10,183.4 2 1
github.com/citiaps/visor-mapas-backend/routes/account.go:193.17,196.4 2 0
github.com/citiaps/visor-mapas-backend/routes/account.go:199.32,204.18 3 0
github.com/citiaps/visor-mapas-backend/routes/account.go:208.4,208.36 1 0
github.com/citiaps/visor-mapas-backend/routes/account.go:204.18,207.5 2 0
github.com/citiaps/visor-mapas-backend/routes/account.go:211.35,214.4 2 0
github.com/citiaps/visor-mapas-backend/routes/account.go:231.44,232.30 1 1
github.com/citiaps/visor-mapas-backend/routes/account.go:232.30,239.17 3 1
github.com/citiaps/visor-mapas-backend/routes/account.go:244.3,245.10 2 1
github.com/citiaps/visor-mapas-backend/routes/account.go:251.3,261.17 4 0
github.com/citiaps/visor-mapas-backend/routes/account.go:267.3,267.32 1 0
github.com/citiaps/visor-mapas-backend/routes/account.go:309.3,309.35 1 0
github.com/citiaps/visor-mapas-backend/routes/account.go:315.3,324.33 5 0
github.com/citiaps/visor-mapas-backend/routes/account.go:239.17,242.4 2 0
github.com/citiaps/visor-mapas-backend/routes/account.go:245.10,248.4 2 1
github.com/citiaps/visor-mapas-backend/routes/account.go:261.17,264.4 2 0
github.com/citiaps/visor-mapas-backend/routes/account.go:267.32,272.18 3 0
github.com/citiaps/visor-mapas-backend/routes/account.go:276.4,277.27 2 0
github.com/citiaps/visor-mapas-backend/routes/account.go:306.4,306.36 1 0
github.com/citiaps/visor-mapas-backend/routes/account.go:272.18,275.5 2 0
github.com/citiaps/visor-mapas-backend/routes/account.go:278.18,283.10 5 0
github.com/citiaps/visor-mapas-backend/routes/account.go:284.24,289.10 5 0
github.com/citiaps/visor-mapas-backend/routes/account.go:290.26,295.10 5 0
github.com/citiaps/visor-mapas-backend/routes/account.go:296.32,301.10 5 0
github.com/citiaps/visor-mapas-backend/routes/account.go:302.12,303.10 1 0
github.com/citiaps/visor-mapas-backend/routes/account.go:309.35,312.4 2 0
